<?xml version="1.0" encoding="UTF-8"?>
<testng-results skipped="0" failed="0" ignored="0" total="0" passed="0">
  <reporter-output>
  </reporter-output>
  <suite name="Surefire suite" duration-ms="636279" started-at="2022-06-14T06:00:47 EET" finished-at="2022-06-14T06:11:23 EET">
    <groups>
    </groups>
    <test name="Surefire test" duration-ms="636279" started-at="2022-06-14T06:00:47 EET" finished-at="2022-06-14T06:11:23 EET">
    </test> <!-- Surefire test -->
  </suite> <!-- Surefire suite -->
</testng-results>
